Base path: C:/Program Files/Unity/Editor/Data
Pipe name: \\.\pipe\UnityShaderCompiler-64bit-1-6704
Cmd: getPlatforms
Cmd: compileSnippet
  api=0 type=0 insize=956 outsize=480 kw= ok=1
Cmd: compileSnippet
  api=0 type=1 insize=956 outsize=6 kw= ok=1
Cmd: compileSnippet
  api=0 type=0 insize=986 outsize=546 kw= ok=1
Cmd: compileSnippet
  api=0 type=1 insize=986 outsize=6 kw= ok=1
Cmd: compileSnippet
  api=0 type=0 insize=1203 outsize=839 kw= ok=1
Cmd: compileSnippet
  api=0 type=1 insize=1203 outsize=6 kw= ok=1
Cmd: compileSnippet
  api=0 type=0 insize=1322 outsize=1099 kw= ok=1
Cmd: compileSnippet
  api=0 type=1 insize=1322 outsize=6 kw= ok=1
Cmd: compileSnippet
  api=0 type=0 insize=1274 outsize=803 kw= ok=1
Cmd: compileSnippet
  api=0 type=1 insize=1274 outsize=6 kw= ok=1
Cmd: compileSnippet
  api=0 type=0 insize=1260 outsize=768 kw= ok=1
Cmd: compileSnippet
  api=0 type=1 insize=1260 outsize=6 kw= ok=1
Cmd: compileSnippet
  api=0 type=0 insize=1260 outsize=1068 kw= ok=1
Cmd: compileSnippet
  api=0 type=1 insize=1260 outsize=6 kw= ok=1
Cmd: compileSnippet
  api=0 type=0 insize=1282 outsize=923 kw= ok=1
Cmd: compileSnippet
  api=0 type=1 insize=1282 outsize=6 kw= ok=1
Cmd: compileSnippet
  api=0 type=0 insize=1222 outsize=823 kw= ok=1
Cmd: compileSnippet
  api=0 type=1 insize=1222 outsize=6 kw= ok=1
Cmd: compileSnippet
  api=0 type=0 insize=1218 outsize=823 kw= ok=1
Cmd: compileSnippet
  api=0 type=1 insize=1218 outsize=6 kw= ok=1
Cmd: compileSnippet
  api=0 type=0 insize=1277 outsize=787 kw= ok=1
Cmd: compileSnippet
  api=0 type=1 insize=1277 outsize=6 kw= ok=1
Cmd: compileSnippet
  api=0 type=0 insize=1333 outsize=803 kw= ok=1
Cmd: compileSnippet
  api=0 type=1 insize=1333 outsize=6 kw= ok=1
Cmd: compileSnippet
  api=0 type=0 insize=942 outsize=416 kw= ok=1
Cmd: compileSnippet
  api=0 type=1 insize=942 outsize=6 kw= ok=1
Cmd: compileSnippet
  api=0 type=0 insize=1051 outsize=758 kw= ok=1
Cmd: compileSnippet
  api=0 type=1 insize=1051 outsize=6 kw= ok=1
Cmd: compileSnippet
  api=0 type=0 insize=1041 outsize=665 kw= ok=1
Cmd: compileSnippet
  api=0 type=1 insize=1041 outsize=6 kw= ok=1
